C:\ARJUN\WORKSPACE\C++\EYEVIELLANCE\GAZETRACKING\GAZETRACKING\DEBUG\GAZETRACKING.EXE
C:\ARJUN\WORKSPACE\C++\EYEVIELLANCE\GAZETRACKING\GAZETRACKING\DEBUG\GAZETRACKING.ILK
C:\ARJUN\WORKSPACE\C++\EYEVIELLANCE\GAZETRACKING\GAZETRACKING\DEBUG\GAZETRACKING.PDB
C:\Arjun\WorkSpace\C++\EyeViellance\GazeTracking\GazeTracking\GazeTracking\Debug\cl.command.1.tlog
C:\Arjun\WorkSpace\C++\EyeViellance\GazeTracking\GazeTracking\GazeTracking\Debug\CL.read.1.tlog
C:\Arjun\WorkSpace\C++\EyeViellance\GazeTracking\GazeTracking\GazeTracking\Debug\CL.write.1.tlog
C:\ARJUN\WORKSPACE\C++\EYEVIELLANCE\GAZETRACKING\GAZETRACKING\GAZETRACKING\DEBUG\FINDEYECENTER.OBJ
C:\ARJUN\WORKSPACE\C++\EYEVIELLANCE\GAZETRACKING\GAZETRACKING\GAZETRACKING\DEBUG\FINDEYECORNER.OBJ
C:\ARJUN\WORKSPACE\C++\EYEVIELLANCE\GAZETRACKING\GAZETRACKING\GAZETRACKING\DEBUG\GAZETRACKING.EXE.EMBED.MANIFEST
C:\ARJUN\WORKSPACE\C++\EYEVIELLANCE\GAZETRACKING\GAZETRACKING\GAZETRACKING\DEBUG\GAZETRACKING.EXE.EMBED.MANIFEST.RES
C:\ARJUN\WORKSPACE\C++\EYEVIELLANCE\GAZETRACKING\GAZETRACKING\GAZETRACKING\DEBUG\GAZETRACKING.EXE.INTERMEDIATE.MANIFEST
C:\ARJUN\WORKSPACE\C++\EYEVIELLANCE\GAZETRACKING\GAZETRACKING\GAZETRACKING\DEBUG\GAZETRACKING.OBJ
C:\ARJUN\WORKSPACE\C++\EYEVIELLANCE\GAZETRACKING\GAZETRACKING\GAZETRACKING\DEBUG\GAZETRACKING.PCH
C:\Arjun\WorkSpace\C++\EyeViellance\GazeTracking\GazeTracking\GazeTracking\Debug\GazeTracking.write.1.tlog
C:\Arjun\WorkSpace\C++\EyeViellance\GazeTracking\GazeTracking\GazeTracking\Debug\GazeTracking_manifest.rc
C:\ARJUN\WORKSPACE\C++\EYEVIELLANCE\GAZETRACKING\GAZETRACKING\GAZETRACKING\DEBUG\HELPERS.OBJ
C:\Arjun\WorkSpace\C++\EyeViellance\GazeTracking\GazeTracking\GazeTracking\Debug\link.17872.read.1.tlog
C:\Arjun\WorkSpace\C++\EyeViellance\GazeTracking\GazeTracking\GazeTracking\Debug\link.17872.write.1.tlog
C:\Arjun\WorkSpace\C++\EyeViellance\GazeTracking\GazeTracking\GazeTracking\Debug\link.17872-cvtres.read.1.tlog
C:\Arjun\WorkSpace\C++\EyeViellance\GazeTracking\GazeTracking\GazeTracking\Debug\link.17872-cvtres.write.1.tlog
C:\Arjun\WorkSpace\C++\EyeViellance\GazeTracking\GazeTracking\GazeTracking\Debug\link.18556.read.1.tlog
C:\Arjun\WorkSpace\C++\EyeViellance\GazeTracking\GazeTracking\GazeTracking\Debug\link.18556.write.1.tlog
C:\Arjun\WorkSpace\C++\EyeViellance\GazeTracking\GazeTracking\GazeTracking\Debug\link.18556-cvtres.read.1.tlog
C:\Arjun\WorkSpace\C++\EyeViellance\GazeTracking\GazeTracking\GazeTracking\Debug\link.18556-cvtres.write.1.tlog
C:\Arjun\WorkSpace\C++\EyeViellance\GazeTracking\GazeTracking\GazeTracking\Debug\link.command.1.tlog
C:\Arjun\WorkSpace\C++\EyeViellance\GazeTracking\GazeTracking\GazeTracking\Debug\link.read.1.tlog
C:\Arjun\WorkSpace\C++\EyeViellance\GazeTracking\GazeTracking\GazeTracking\Debug\link.write.1.tlog
C:\Arjun\WorkSpace\C++\EyeViellance\GazeTracking\GazeTracking\GazeTracking\Debug\link-cvtres.read.1.tlog
C:\Arjun\WorkSpace\C++\EyeViellance\GazeTracking\GazeTracking\GazeTracking\Debug\link-cvtres.write.1.tlog
C:\Arjun\WorkSpace\C++\EyeViellance\GazeTracking\GazeTracking\GazeTracking\Debug\mt.command.1.tlog
C:\Arjun\WorkSpace\C++\EyeViellance\GazeTracking\GazeTracking\GazeTracking\Debug\mt.read.1.tlog
C:\Arjun\WorkSpace\C++\EyeViellance\GazeTracking\GazeTracking\GazeTracking\Debug\mt.write.1.tlog
C:\Arjun\WorkSpace\C++\EyeViellance\GazeTracking\GazeTracking\GazeTracking\Debug\rc.command.1.tlog
C:\Arjun\WorkSpace\C++\EyeViellance\GazeTracking\GazeTracking\GazeTracking\Debug\rc.read.1.tlog
C:\Arjun\WorkSpace\C++\EyeViellance\GazeTracking\GazeTracking\GazeTracking\Debug\rc.write.1.tlog
C:\ARJUN\WORKSPACE\C++\EYEVIELLANCE\GAZETRACKING\GAZETRACKING\GAZETRACKING\DEBUG\STDAFX.OBJ
C:\Arjun\WorkSpace\C++\EyeViellance\GazeTracking\GazeTracking\GazeTracking\Debug\vc100.idb
C:\ARJUN\WORKSPACE\C++\EYEVIELLANCE\GAZETRACKING\GAZETRACKING\GAZETRACKING\DEBUG\VC100.PDB
