Build started 7/31/2015 2:43:25 PM.
     1>Project "C:\Arjun-EALAB Desktop\WorkSpace\C++\GazeTracking\GazeTracking\GazeTracking.vcxproj" on node 2 (build target(s)).
     1>InitializeBuildStatus:
         Creating "Release\GazeTracking.unsuccessfulbuild" because "AlwaysCreate" was specified.
       ClCompile:
         All outputs are up-to-date.
         c:\Program Files (x86)\Microsoft Visual Studio 10.0\VC\bin\CL.exe /c /IC:\OpenCVwtOpenGl\Build\\include /Zi /nologo /W3 /WX- /O2 /Oi /Oy- /GL /D WIN32 /D NDEBUG /D _CONSOLE /D _UNICODE /D UNICODE /Gm- /EHsc /MD /GS /Gy /fp:precise /Zc:wchar_t /Zc:forScope /Yc"StdAfx.h" /Fp"Release\GazeTracking.pch" /Fo"Release\\" /Fd"Release\vc100.pdb" /Gd /TP /analyze- /errorReport:prompt stdafx.cpp
         stdafx.cpp
         c:\Program Files (x86)\Microsoft Visual Studio 10.0\VC\bin\CL.exe /c /IC:\OpenCVwtOpenGl\Build\\include /Zi /nologo /W3 /WX- /O2 /Oi /Oy- /GL /D WIN32 /D NDEBUG /D _CONSOLE /D _UNICODE /D UNICODE /Gm- /EHsc /MD /GS /Gy /fp:precise /Zc:wchar_t /Zc:forScope /Yu"StdAfx.h" /Fp"Release\GazeTracking.pch" /Fo"Release\\" /Fd"Release\vc100.pdb" /Gd /TP /analyze- /errorReport:prompt findEyeCenter.cpp findEyeCorner.cpp GazeTracking.cpp helpers.cpp
         findEyeCenter.cpp
     1>c:\arjun-ealab desktop\workspace\c++\gazetracking\gazetracking\constants.h(15): warning C4305: 'initializing' : truncation from 'double' to 'const float'
     1>c:\arjun-ealab desktop\workspace\c++\gazetracking\gazetracking\constants.h(26): warning C4305: 'initializing' : truncation from 'double' to 'const float'
     1>findEyeCenter.cpp(19): warning C4068: unknown pragma
     1>findEyeCenter.cpp(46): warning C4068: unknown pragma
     1>findEyeCenter.cpp(52): warning C4244: 'argument' : conversion from 'double' to 'int', possible loss of data
     1>findEyeCenter.cpp(52): warning C4244: 'argument' : conversion from 'double' to 'int', possible loss of data
     1>findEyeCenter.cpp(56): warning C4244: 'argument' : conversion from 'float' to 'int', possible loss of data
     1>findEyeCenter.cpp(76): warning C4068: unknown pragma
     1>findEyeCenter.cpp(194): warning C4068: unknown pragma
         findEyeCorner.cpp
     1>c:\arjun-ealab desktop\workspace\c++\gazetracking\gazetracking\constants.h(15): warning C4305: 'initializing' : truncation from 'double' to 'const float'
     1>c:\arjun-ealab desktop\workspace\c++\gazetracking\gazetracking\constants.h(26): warning C4305: 'initializing' : truncation from 'double' to 'const float'
     1>findEyeCorner.cpp(112): warning C4244: 'argument' : conversion from 'int' to 'float', possible loss of data
     1>findEyeCorner.cpp(112): warning C4244: 'argument' : conversion from 'int' to 'float', possible loss of data
         GazeTracking.cpp
     1>GazeTracking.cpp(5): fatal error C1083: Cannot open include file: 'opencv2/objdetect/objdetect.hpp': No such file or directory
         helpers.cpp
     1>c:\arjun-ealab desktop\workspace\c++\gazetracking\gazetracking\constants.h(15): warning C4305: 'initializing' : truncation from 'double' to 'const float'
     1>c:\arjun-ealab desktop\workspace\c++\gazetracking\gazetracking\constants.h(26): warning C4305: 'initializing' : truncation from 'double' to 'const float'
     1>Done Building Project "C:\Arjun-EALAB Desktop\WorkSpace\C++\GazeTracking\GazeTracking\GazeTracking.vcxproj" (build target(s)) -- FAILED.

Build FAILED.

Time Elapsed 00:00:05.85
