Build started 8/19/2015 1:31:43 PM.
     1>Project "C:\Arjun-EALAB Desktop\WorkSpace\C++\GazeTracking\GazeTracking\GazeTracking.vcxproj" on node 2 (build target(s)).
     1>InitializeBuildStatus:
         Touching "x64\Debug\GazeTracking.unsuccessfulbuild".
       ClCompile:
         All outputs are up-to-date.
         All outputs are up-to-date.
       ManifestResourceCompile:
         All outputs are up-to-date.
       Link:
         c:\Program Files (x86)\Microsoft Visual Studio 10.0\VC\bin\x86_amd64\link.exe /ERRORREPORT:PROMPT /OUT:"C:\Arjun-EALAB Desktop\WorkSpace\C++\GazeTracking\x64\Debug\GazeTracking.exe" /INCREMENTAL /NOLOGO /LIBPATH:C:\opencv\build\x64\vc10\lib /LIBPATH:Dependencies\freeglut /LIBPATH:Dependencies\glew opengl32.lib freeglut.lib glew32.lib opencv_calib3d2410d.lib opencv_contrib2410d.lib opencv_core2410d.lib opencv_features2d2410d.lib opencv_flann2410d.lib opencv_gpu2410d.lib opencv_highgui2410d.lib opencv_imgproc2410d.lib opencv_legacy2410d.lib opencv_ml2410d.lib opencv_nonfree2410d.lib opencv_objdetect2410d.lib opencv_ocl2410d.lib opencv_photo2410d.lib opencv_stitching2410d.lib opencv_superres2410d.lib opencv_ts2410d.lib opencv_video2410d.lib opencv_videostab2410d.lib kernel32.lib user32.lib gdi32.lib winspool.lib comdlg32.lib advapi32.lib shell32.lib ole32.lib oleaut32.lib uuid.lib odbc32.lib odbccp32.lib /MANIFEST /ManifestFile:"x64\Debug\GazeTracking.exe.intermediate.manifest" /MANIFESTUAC:"level='asInvoker' uiAccess='false'" /DEBUG /PDB:"C:\Arjun-EALAB Desktop\WorkSpace\C++\GazeTracking\x64\Debug\GazeTracking.pdb" /SUBSYSTEM:CONSOLE /TLBID:1 /DYNAMICBASE /NXCOMPAT /IMPLIB:"C:\Arjun-EALAB Desktop\WorkSpace\C++\GazeTracking\x64\Debug\GazeTracking.lib" /MACHINE:X64 x64\Debug\GazeTracking.exe.embed.manifest.res
         x64\Debug\source.obj
         x64\Debug\ARdrawingContext.obj
         x64\Debug\ARPipeline.obj
         x64\Debug\CameraCalibration.obj
         x64\Debug\findEyeCenter.obj
         x64\Debug\findEyeCorner.obj
         x64\Debug\GazeTracking.obj
         x64\Debug\GeometryTypes.obj
         x64\Debug\helpers.obj
         x64\Debug\Pattern.obj
         x64\Debug\PatternDetector.obj
         x64\Debug\stdafx.obj
         GazeTracking.vcxproj -> C:\Arjun-EALAB Desktop\WorkSpace\C++\GazeTracking\x64\Debug\GazeTracking.exe
       Manifest:
         C:\Program Files (x86)\Microsoft SDKs\Windows\v7.0A\bin\mt.exe /nologo /verbose /out:"x64\Debug\GazeTracking.exe.embed.manifest" /manifest x64\Debug\GazeTracking.exe.intermediate.manifest
         C:\Program Files (x86)\Microsoft SDKs\Windows\v7.0A\bin\rc.exe /nologo /fo"x64\Debug\GazeTracking.exe.embed.manifest.res" x64\Debug\GazeTracking_manifest.rc 
       LinkEmbedManifest:
         c:\Program Files (x86)\Microsoft Visual Studio 10.0\VC\bin\x86_amd64\link.exe /ERRORREPORT:PROMPT /OUT:"C:\Arjun-EALAB Desktop\WorkSpace\C++\GazeTracking\x64\Debug\GazeTracking.exe" /INCREMENTAL /NOLOGO /LIBPATH:C:\opencv\build\x64\vc10\lib /LIBPATH:Dependencies\freeglut /LIBPATH:Dependencies\glew opengl32.lib freeglut.lib glew32.lib opencv_calib3d2410d.lib opencv_contrib2410d.lib opencv_core2410d.lib opencv_features2d2410d.lib opencv_flann2410d.lib opencv_gpu2410d.lib opencv_highgui2410d.lib opencv_imgproc2410d.lib opencv_legacy2410d.lib opencv_ml2410d.lib opencv_nonfree2410d.lib opencv_objdetect2410d.lib opencv_ocl2410d.lib opencv_photo2410d.lib opencv_stitching2410d.lib opencv_superres2410d.lib opencv_ts2410d.lib opencv_video2410d.lib opencv_videostab2410d.lib kernel32.lib user32.lib gdi32.lib winspool.lib comdlg32.lib advapi32.lib shell32.lib ole32.lib oleaut32.lib uuid.lib odbc32.lib odbccp32.lib /MANIFEST /ManifestFile:"x64\Debug\GazeTracking.exe.intermediate.manifest" /MANIFESTUAC:"level='asInvoker' uiAccess='false'" /DEBUG /PDB:"C:\Arjun-EALAB Desktop\WorkSpace\C++\GazeTracking\x64\Debug\GazeTracking.pdb" /SUBSYSTEM:CONSOLE /TLBID:1 /DYNAMICBASE /NXCOMPAT /IMPLIB:"C:\Arjun-EALAB Desktop\WorkSpace\C++\GazeTracking\x64\Debug\GazeTracking.lib" /MACHINE:X64 x64\Debug\GazeTracking.exe.embed.manifest.res
         x64\Debug\source.obj
         x64\Debug\ARdrawingContext.obj
         x64\Debug\ARPipeline.obj
         x64\Debug\CameraCalibration.obj
         x64\Debug\findEyeCenter.obj
         x64\Debug\findEyeCorner.obj
         x64\Debug\GazeTracking.obj
         x64\Debug\GeometryTypes.obj
         x64\Debug\helpers.obj
         x64\Debug\Pattern.obj
         x64\Debug\PatternDetector.obj
         x64\Debug\stdafx.obj
         GazeTracking.vcxproj -> C:\Arjun-EALAB Desktop\WorkSpace\C++\GazeTracking\x64\Debug\GazeTracking.exe
       FinalizeBuildStatus:
         Deleting file "x64\Debug\GazeTracking.unsuccessfulbuild".
         Touching "x64\Debug\GazeTracking.lastbuildstate".
     1>Done Building Project "C:\Arjun-EALAB Desktop\WorkSpace\C++\GazeTracking\GazeTracking\GazeTracking.vcxproj" (build target(s)).

Build succeeded.

Time Elapsed 00:00:07.63
